[debug] [2018-09-18T04:07:32.085Z] ----------------------------------------------------------------------
[debug] [2018-09-18T04:07:32.087Z] Command:       /usr/bin/node /usr/local/bin/firebase serve
[debug] [2018-09-18T04:07:32.087Z] CLI Version:   4.2.1
[debug] [2018-09-18T04:07:32.087Z] Platform:      linux
[debug] [2018-09-18T04:07:32.087Z] Node Version:  v8.10.0
[debug] [2018-09-18T04:07:32.087Z] Time:          Tue Sep 18 2018 00:07:32 GMT-0400 (EDT)
[debug] [2018-09-18T04:07:32.087Z] ----------------------------------------------------------------------
[debug] 
[debug] [2018-09-18T04:07:32.096Z] > command requires scopes: ["email","openid","https://www.googleapis.com/auth/cloudplatformprojects.readonly","https://www.googleapis.com/auth/firebase","https://www.googleapis.com/auth/cloud-platform"]
[debug] [2018-09-18T04:07:32.096Z] > authorizing via signed-in user
[debug] [2018-09-18T04:07:32.097Z] > refreshing access token with scopes: ["email","https://www.googleapis.com/auth/cloud-platform","https://www.googleapis.com/auth/cloudplatformprojects.readonly","https://www.googleapis.com/auth/firebase","openid"]
[debug] [2018-09-18T04:07:32.097Z] >>> HTTP REQUEST POST https://www.googleapis.com/oauth2/v3/token  

[debug] [2018-09-18T04:07:32.365Z] <<< HTTP RESPONSE 200
[debug] [2018-09-18T04:07:32.373Z] >>> HTTP REQUEST GET https://admin.firebase.com/v1/projects/adi-devin-ec463-miniproj-1c1e3  
 
[debug] [2018-09-18T04:07:32.924Z] <<< HTTP RESPONSE 200
[debug] [2018-09-18T04:07:32.926Z] >>> HTTP REQUEST GET https://cloudresourcemanager.googleapis.com/v1/projects/adi-devin-ec463-miniproj-1c1e3  
 
[debug] [2018-09-18T04:07:33.239Z] <<< HTTP RESPONSE 200
[info] 
[info] === Serving from '/home/adi/Desktop/desktop_files/courses/ec463/miniproject/EC463MiniProject'...
[info] 
[debug] [2018-09-18T04:07:33.247Z] >>> HTTP REQUEST GET https://mobilesdk-pa.googleapis.com/v1/projects/811213777079/clients/_:getWebAppConfig  
 
[debug] [2018-09-18T04:07:33.785Z] <<< HTTP RESPONSE 200
[info] i  hosting[adi-devin-ec463-miniproj-1c1e3]: Serving hosting files from: public
[info] ✔  hosting[adi-devin-ec463-miniproj-1c1e3]: Local server: http://localhost:5000
